<?xml version="1.0" encoding="UTF-8"?>
<testsuite xmlns:xsi="http://www.w3.org/2001/XMLSchema-instance" xsi:noNamespaceSchemaLocation="https://maven.apache.org/surefire/maven-surefire-plugin/xsd/surefire-test-report-3.0.xsd" version="3.0" name="TestSuite" time="23.183" tests="2" errors="0" skipped="0" failures="0">
  <properties>
[...]
</properties>
  <testcase name="loginTest" classname="com.OrangeHRM.testCases.TC001_Login_Test" time="2.431">
    <system-out><![CDATA[[TestNGContentHandler] [WARN] It is strongly recommended to add "<!DOCTYPE suite SYSTEM "http://testng.org/testng-1.0.dtd" >" at the top of your file, otherwise TestNG may fail or not work as expected.
[INFO ] 23-04-2022 04:13:21.423 TC001_Login_Test - Firefox browser is launched successfully
[INFO ] 23-04-2022 04:13:22.451 TC001_Login_Test - Orange HRM application is launched successfully
Value entered in Username field is - Admin
[INFO ] 23-04-2022 04:13:22.739 TC001_Login_Test - Username entered is - Admin
Value entered in Password field is - admin123
[INFO ] 23-04-2022 04:13:22.868 TC001_Login_Test - Password entered is - admin123
Clicked on Login button
[INFO ] 23-04-2022 04:13:24.500 TC001_Login_Test - Clicked on Login button
[INFO ] 23-04-2022 04:13:24.574 TC001_Login_Test - User logged into the application successfully
[INFO ] 23-04-2022 04:13:24.959 TC001_Login_Test - Screenshot captured successfully
]]></system-out>
    <system-err><![CDATA[SLF4J: Failed to load class "org.slf4j.impl.StaticLoggerBinder".
SLF4J: Defaulting to no-operation (NOP) logger implementation
SLF4J: See http://www.slf4j.org/codes.html#StaticLoggerBinder for further details.
1650744796457	geckodriver	INFO	Listening on 127.0.0.1:44445
1650744797161	mozrunner::runner	INFO	Running command: "C:\\Program Files\\Mozilla Firefox\\firefox.exe" "--marionette" "-no-remote" "-profile" "C:\\Users\\nares\\AppData\\Local\\Temp\\rust_mozprofilezhTz3d"
1650744797814	Marionette	INFO	Marionette enabled
console.warn: SearchSettings: "get: No settings file exists, new profile?" (new NotFoundError("Could not open the file at C:\\Users\\nares\\AppData\\Local\\Temp\\rust_mozprofilezhTz3d\\search.json.mozlz4", (void 0)))
1650744801229	Marionette	INFO	Listening on port 57690
Read port: 57690
1650744801358	RemoteAgent	WARN	TLS certificate errors will be ignored for this session
Apr 23, 2022 4:13:21 PM org.openqa.selenium.remote.ProtocolHandshake createSession
INFO: Detected dialect: W3C
console.warn: LJavaScript error: resource://gre/modules/LoginManagerParent.jsm, line 136: TypeErroroginRecipes: "getRecipes: falling back to a synchronous message for:" "https://opensource-demo.orangehrmlive.com"
: gReccoinpseoMlae.nwaagrenr:  iLso gnuilnlRe
cipes: "getRecipes: falling back to a synchronous message for:" "https://opensource-demo.orangehrmlive.com"
]]></system-err>
  </testcase>
  <testcase name="verifyApplicationTitle" classname="com.OrangeHRM.testCases.TC002_CheckApplicationTitle" time="0.454">
    <system-out><![CDATA[[INFO ] 23-04-2022 04:13:26.326 TC001_Login_Test - Browser closed successfully
[INFO ] 23-04-2022 04:13:32.438 TC002_CheckApplicationTitle - Firefox browser is launched successfully
[INFO ] 23-04-2022 04:13:33.666 TC002_CheckApplicationTitle - Orange HRM application is launched successfully
[INFO ] 23-04-2022 04:13:33.686 TC002_CheckApplicationTitle - Title of the application is OrangeHRM
[INFO ] 23-04-2022 04:13:34.292 TC002_CheckApplicationTitle - Screenshot captured successfully
]]></system-out>
    <system-err><![CDATA[1650744804986	Marionette	INFO	Stopped listening on port 57690

###!!! [Parent][PGPUParent] Error: RunMessage(msgname=PGPU::Msg_ShutdownVR) Channel closing: too late to send/recv, messages will be lost

1650744807806	geckodriver	INFO	Listening on 127.0.0.1:5310
1650744808299	mozrunner::runner	INFO	Running command: "C:\\Program Files\\Mozilla Firefox\\firefox.exe" "--marionette" "-no-remote" "-profile" "C:\\Users\\nares\\AppData\\Local\\Temp\\rust_mozprofileFaf2xz"
1650744808957	Marionette	INFO	Marionette enabled
console.warn: SearchSettings: "get: No settings file exists, new profile?" (new NotFoundError("Could not open the file at C:\\Users\\nares\\AppData\\Local\\Temp\\rust_mozprofileFaf2xz\\search.json.mozlz4", (void 0)))
1650744812334	Marionette	INFO	Listening on port 57749
Read port: 57749
1650744812418	RemoteAgent	WARN	TLS certificate errors will be ignored for this session
Apr 23, 2022 4:13:32 PM org.openqa.selenium.remote.ProtocolHandshake createSession
INFO: Detected dialect: W3C
]]></system-err>
  </testcase>
</testsuite>